<?xml version="1.0" encoding="UTF-8"?>
<!-- Generated by org.testng.reporters.JUnitReportReporter -->
<testsuite name="com.appium.android.appium_android_framework.TestBase" tests="3" time="158.999" ignored="0" failures="0" timestamp="15 Aug 2017 00:24:19 GMT" skipped="0" hostname="DESKTOP-N4MGHUV" errors="0">
  <testcase name="AlertDialog" time="23.726" classname="com.appium.android.appium_android_framework.TestBase"/>
  <testcase name="Test002" time="113.855" classname="com.appium.android.appium_android_framework.TestBase"/>
  <testcase name="Test001" time="21.418" classname="com.appium.android.appium_android_framework.TestBase"/>
</testsuite> <!-- com.appium.android.appium_android_framework.TestBase -->
