<?xml version="1.0" encoding="UTF-8"?>
<!-- Generated by org.testng.reporters.JUnitReportReporter -->
<testsuite name="com.appium.android.appium_android_framework.TestBase" tests="1" time="18.533" ignored="0" failures="0" timestamp="12 Aug 2017 05:00:41 GMT" skipped="0" hostname="DESKTOP-N4MGHUV" errors="0">
  <testcase name="Test001" time="18.533" classname="com.appium.android.appium_android_framework.TestBase"/>
</testsuite> <!-- com.appium.android.appium_android_framework.TestBase -->
