<?xml version="1.0" encoding="UTF-8"?>
<!-- Generated by org.testng.reporters.JUnitReportReporter -->
<testsuite name="com.appium.android.appium_android_framework.TestBase" tests="1" time="30.986" ignored="0" failures="0" timestamp="15 Aug 2017 03:53:51 GMT" skipped="0" hostname="DESKTOP-N4MGHUV" errors="0">
  <testcase name="dateSet" time="30.986" classname="com.appium.android.appium_android_framework.TestBase"/>
</testsuite> <!-- com.appium.android.appium_android_framework.TestBase -->
