<?xml version="1.0" encoding="UTF-8"?>
<!-- Generated by org.testng.reporters.JUnitReportReporter -->
<testsuite name="com.appium.android.appium_android_framework.TestBase" tests="4" time="186.009" ignored="0" failures="0" timestamp="15 Aug 2017 02:37:20 GMT" skipped="0" hostname="DESKTOP-N4MGHUV" errors="0">
  <testcase name="spinnerTest" time="25.833" classname="com.appium.android.appium_android_framework.TestBase"/>
  <testcase name="AlertDialog" time="23.283" classname="com.appium.android.appium_android_framework.TestBase"/>
  <testcase name="Test002" time="114.548" classname="com.appium.android.appium_android_framework.TestBase"/>
  <testcase name="Test001" time="22.345" classname="com.appium.android.appium_android_framework.TestBase"/>
</testsuite> <!-- com.appium.android.appium_android_framework.TestBase -->
